<?xml version="1.0" encoding="UTF-8"?>
<testng-results ignored="0" total="4" passed="4" failed="0" skipped="0">
  <reporter-output>
  </reporter-output>
  <suite started-at="2025-06-17T18:13:58 IST" name="Suite" finished-at="2025-06-17T18:14:28 IST" duration-ms="30354">
    <groups>
    </groups>
    <test started-at="2025-06-17T18:13:58 IST" name="Linux-Chrome" finished-at="2025-06-17T18:14:10 IST" duration-ms="12245">
      <class name="testCases.TC002_LoginTest">
        <test-method is-config="true" signature="setup(java.lang.String,java.lang.String)[pri:0, instance:testCases.TC002_LoginTest@4116aac9]" started-at="2025-06-17T18:14:05 IST" name="setup" finished-at="2025-06-17T18:14:08 IST" duration-ms="2997" status="PASS">
          <params>
            <param index="0">
              <value>
                <![CDATA[linux]]>
              </value>
            </param>
            <param index="1">
              <value>
                <![CDATA[chrome]]>
              </value>
            </param>
          </params>
          <reporter-output>
          </reporter-output>
        </test-method> <!-- setup -->
        <test-method signature="verify_login()[pri:0, instance:testCases.TC002_LoginTest@4116aac9]" started-at="2025-06-17T18:14:08 IST" name="verify_login" finished-at="2025-06-17T18:14:10 IST" duration-ms="2094" status="PASS">
          <reporter-output>
          </reporter-output>
        </test-method> <!-- verify_login -->
        <test-method is-config="true" signature="tearDown()[pri:0, instance:testCases.TC002_LoginTest@4116aac9]" started-at="2025-06-17T18:14:10 IST" name="tearDown" finished-at="2025-06-17T18:14:10 IST" duration-ms="248" status="PASS">
          <reporter-output>
          </reporter-output>
        </test-method> <!-- tearDown -->
      </class> <!-- testCases.TC002_LoginTest -->
      <class name="testCases.TC001_AccountRegistrationTest">
        <test-method is-config="true" signature="setup(java.lang.String,java.lang.String)[pri:0, instance:testCases.TC001_AccountRegistrationTest@9d5509a]" started-at="2025-06-17T18:13:58 IST" name="setup" finished-at="2025-06-17T18:14:02 IST" duration-ms="4145" status="PASS">
          <params>
            <param index="0">
              <value>
                <![CDATA[linux]]>
              </value>
            </param>
            <param index="1">
              <value>
                <![CDATA[chrome]]>
              </value>
            </param>
          </params>
          <reporter-output>
          </reporter-output>
        </test-method> <!-- setup -->
        <test-method signature="verify_account_registration()[pri:0, instance:testCases.TC001_AccountRegistrationTest@9d5509a]" started-at="2025-06-17T18:14:02 IST" name="verify_account_registration" finished-at="2025-06-17T18:14:05 IST" duration-ms="2291" status="PASS">
          <reporter-output>
          </reporter-output>
        </test-method> <!-- verify_account_registration -->
        <test-method is-config="true" signature="tearDown()[pri:0, instance:testCases.TC001_AccountRegistrationTest@9d5509a]" started-at="2025-06-17T18:14:05 IST" name="tearDown" finished-at="2025-06-17T18:14:05 IST" duration-ms="184" status="PASS">
          <reporter-output>
          </reporter-output>
        </test-method> <!-- tearDown -->
      </class> <!-- testCases.TC001_AccountRegistrationTest -->
    </test> <!-- Linux-Chrome -->
    <test started-at="2025-06-17T18:14:13 IST" name="Linux-Firefox" finished-at="2025-06-17T18:14:28 IST" duration-ms="15751">
      <class name="testCases.TC002_LoginTest">
        <test-method is-config="true" signature="setup(java.lang.String,java.lang.String)[pri:0, instance:testCases.TC002_LoginTest@2de23121]" started-at="2025-06-17T18:14:22 IST" name="setup" finished-at="2025-06-17T18:14:26 IST" duration-ms="4075" status="PASS">
          <params>
            <param index="0">
              <value>
                <![CDATA[Linux]]>
              </value>
            </param>
            <param index="1">
              <value>
                <![CDATA[firefox]]>
              </value>
            </param>
          </params>
          <reporter-output>
          </reporter-output>
        </test-method> <!-- setup -->
        <test-method signature="verify_login()[pri:0, instance:testCases.TC002_LoginTest@2de23121]" started-at="2025-06-17T18:14:26 IST" name="verify_login" finished-at="2025-06-17T18:14:27 IST" duration-ms="1589" status="PASS">
          <reporter-output>
          </reporter-output>
        </test-method> <!-- verify_login -->
        <test-method is-config="true" signature="tearDown()[pri:0, instance:testCases.TC002_LoginTest@2de23121]" started-at="2025-06-17T18:14:27 IST" name="tearDown" finished-at="2025-06-17T18:14:28 IST" duration-ms="846" status="PASS">
          <reporter-output>
          </reporter-output>
        </test-method> <!-- tearDown -->
      </class> <!-- testCases.TC002_LoginTest -->
      <class name="testCases.TC001_AccountRegistrationTest">
        <test-method is-config="true" signature="setup(java.lang.String,java.lang.String)[pri:0, instance:testCases.TC001_AccountRegistrationTest@22fcf7ab]" started-at="2025-06-17T18:14:13 IST" name="setup" finished-at="2025-06-17T18:14:18 IST" duration-ms="5526" status="PASS">
          <params>
            <param index="0">
              <value>
                <![CDATA[Linux]]>
              </value>
            </param>
            <param index="1">
              <value>
                <![CDATA[firefox]]>
              </value>
            </param>
          </params>
          <reporter-output>
          </reporter-output>
        </test-method> <!-- setup -->
        <test-method signature="verify_account_registration()[pri:0, instance:testCases.TC001_AccountRegistrationTest@22fcf7ab]" started-at="2025-06-17T18:14:18 IST" name="verify_account_registration" finished-at="2025-06-17T18:14:20 IST" duration-ms="2288" status="PASS">
          <reporter-output>
          </reporter-output>
        </test-method> <!-- verify_account_registration -->
        <test-method is-config="true" signature="tearDown()[pri:0, instance:testCases.TC001_AccountRegistrationTest@22fcf7ab]" started-at="2025-06-17T18:14:20 IST" name="tearDown" finished-at="2025-06-17T18:14:22 IST" duration-ms="1408" status="PASS">
          <reporter-output>
          </reporter-output>
        </test-method> <!-- tearDown -->
      </class> <!-- testCases.TC001_AccountRegistrationTest -->
    </test> <!-- Linux-Firefox -->
  </suite> <!-- Suite -->
</testng-results>
